mode: set
git.xenonstack.com/util/continuous-security-backend/src/web/check.go:11.53,14.16 3 0
git.xenonstack.com/util/continuous-security-backend/src/web/check.go:27.2,28.32 2 0
git.xenonstack.com/util/continuous-security-backend/src/web/check.go:14.16,20.3 5 0
git.xenonstack.com/util/continuous-security-backend/src/web/check.go:20.8,26.3 5 0
git.xenonstack.com/util/continuous-security-backend/src/web/check.go:31.64,41.2 3 0
git.xenonstack.com/util/continuous-security-backend/src/web/check.go:43.67,54.2 3 0
git.xenonstack.com/util/continuous-security-backend/src/web/integrations.go:13.80,18.16 3 1
git.xenonstack.com/util/continuous-security-backend/src/web/integrations.go:25.2,30.16 5 0
git.xenonstack.com/util/continuous-security-backend/src/web/integrations.go:36.2,44.33 3 0
git.xenonstack.com/util/continuous-security-backend/src/web/integrations.go:73.2,81.18 9 0
git.xenonstack.com/util/continuous-security-backend/src/web/integrations.go:18.16,23.3 3 1
git.xenonstack.com/util/continuous-security-backend/src/web/integrations.go:30.16,34.3 3 0
git.xenonstack.com/util/continuous-security-backend/src/web/integrations.go:44.33,45.29 1 0
git.xenonstack.com/util/continuous-security-backend/src/web/integrations.go:45.29,52.18 6 0
git.xenonstack.com/util/continuous-security-backend/src/web/integrations.go:56.4,56.39 1 0
git.xenonstack.com/util/continuous-security-backend/src/web/integrations.go:52.18,54.13 2 0
git.xenonstack.com/util/continuous-security-backend/src/web/integrations.go:58.9,64.18 6 0
git.xenonstack.com/util/continuous-security-backend/src/web/integrations.go:68.4,68.39 1 0
git.xenonstack.com/util/continuous-security-backend/src/web/integrations.go:64.18,66.13 2 0
git.xenonstack.com/util/continuous-security-backend/src/web/integrations.go:85.88,89.16 3 1
git.xenonstack.com/util/continuous-security-backend/src/web/integrations.go:96.2,100.16 4 1
git.xenonstack.com/util/continuous-security-backend/src/web/integrations.go:107.2,107.25 1 1
git.xenonstack.com/util/continuous-security-backend/src/web/integrations.go:119.2,120.16 2 1
git.xenonstack.com/util/continuous-security-backend/src/web/integrations.go:125.2,127.18 3 1
git.xenonstack.com/util/continuous-security-backend/src/web/integrations.go:89.16,94.3 3 1
git.xenonstack.com/util/continuous-security-backend/src/web/integrations.go:100.16,104.3 3 0
git.xenonstack.com/util/continuous-security-backend/src/web/integrations.go:107.25,109.17 2 0
git.xenonstack.com/util/continuous-security-backend/src/web/integrations.go:114.3,116.19 3 0
git.xenonstack.com/util/continuous-security-backend/src/web/integrations.go:109.17,113.4 3 0
git.xenonstack.com/util/continuous-security-backend/src/web/integrations.go:120.16,124.3 3 0
git.xenonstack.com/util/continuous-security-backend/src/web/integrations.go:132.69,152.65 15 0
git.xenonstack.com/util/continuous-security-backend/src/web/integrations.go:157.2,158.34 2 0
git.xenonstack.com/util/continuous-security-backend/src/web/integrations.go:179.2,179.33 1 0
git.xenonstack.com/util/continuous-security-backend/src/web/integrations.go:197.2,197.36 1 0
git.xenonstack.com/util/continuous-security-backend/src/web/integrations.go:216.2,216.36 1 0
git.xenonstack.com/util/continuous-security-backend/src/web/integrations.go:236.2,245.36 9 0
git.xenonstack.com/util/continuous-security-backend/src/web/integrations.go:248.2,248.36 1 0
git.xenonstack.com/util/continuous-security-backend/src/web/integrations.go:251.2,251.32 1 0
git.xenonstack.com/util/continuous-security-backend/src/web/integrations.go:254.2,254.30 1 0
git.xenonstack.com/util/continuous-security-backend/src/web/integrations.go:259.2,259.118 1 0
git.xenonstack.com/util/continuous-security-backend/src/web/integrations.go:292.2,292.46 1 0
git.xenonstack.com/util/continuous-security-backend/src/web/integrations.go:152.65,154.3 1 0
git.xenonstack.com/util/continuous-security-backend/src/web/integrations.go:158.34,161.59 2 0
git.xenonstack.com/util/continuous-security-backend/src/web/integrations.go:166.3,166.61 1 0
git.xenonstack.com/util/continuous-security-backend/src/web/integrations.go:171.3,171.58 1 0
git.xenonstack.com/util/continuous-security-backend/src/web/integrations.go:161.59,164.12 3 0
git.xenonstack.com/util/continuous-security-backend/src/web/integrations.go:166.61,169.12 3 0
git.xenonstack.com/util/continuous-security-backend/src/web/integrations.go:171.58,174.12 3 0
git.xenonstack.com/util/continuous-security-backend/src/web/integrations.go:179.33,181.58 2 0
git.xenonstack.com/util/continuous-security-backend/src/web/integrations.go:186.3,186.60 1 0
git.xenonstack.com/util/continuous-security-backend/src/web/integrations.go:191.3,191.57 1 0
git.xenonstack.com/util/continuous-security-backend/src/web/integrations.go:181.58,184.12 3 0
git.xenonstack.com/util/continuous-security-backend/src/web/integrations.go:186.60,189.12 3 0
git.xenonstack.com/util/continuous-security-backend/src/web/integrations.go:191.57,194.12 3 0
git.xenonstack.com/util/continuous-security-backend/src/web/integrations.go:197.36,200.61 2 0
git.xenonstack.com/util/continuous-security-backend/src/web/integrations.go:205.3,205.63 1 0
git.xenonstack.com/util/continuous-security-backend/src/web/integrations.go:210.3,210.60 1 0
git.xenonstack.com/util/continuous-security-backend/src/web/integrations.go:200.61,203.12 3 0
git.xenonstack.com/util/continuous-security-backend/src/web/integrations.go:205.63,208.12 3 0
git.xenonstack.com/util/continuous-security-backend/src/web/integrations.go:210.60,213.12 3 0
git.xenonstack.com/util/continuous-security-backend/src/web/integrations.go:216.36,219.61 2 0
git.xenonstack.com/util/continuous-security-backend/src/web/integrations.go:224.3,224.63 1 0
git.xenonstack.com/util/continuous-security-backend/src/web/integrations.go:229.3,229.60 1 0
git.xenonstack.com/util/continuous-security-backend/src/web/integrations.go:219.61,222.12 3 0
git.xenonstack.com/util/continuous-security-backend/src/web/integrations.go:224.63,227.12 3 0
git.xenonstack.com/util/continuous-security-backend/src/web/integrations.go:229.60,232.12 3 0
git.xenonstack.com/util/continuous-security-backend/src/web/integrations.go:245.36,247.3 1 0
git.xenonstack.com/util/continuous-security-backend/src/web/integrations.go:248.36,250.3 1 0
git.xenonstack.com/util/continuous-security-backend/src/web/integrations.go:251.32,253.3 1 0
git.xenonstack.com/util/continuous-security-backend/src/web/integrations.go:254.30,256.3 1 0
git.xenonstack.com/util/continuous-security-backend/src/web/integrations.go:259.118,291.3 30 0
git.xenonstack.com/util/continuous-security-backend/src/web/integrations.go:305.65,320.26 11 1
git.xenonstack.com/util/continuous-security-backend/src/web/integrations.go:324.2,325.39 2 1
git.xenonstack.com/util/continuous-security-backend/src/web/integrations.go:367.2,367.13 1 1
git.xenonstack.com/util/continuous-security-backend/src/web/integrations.go:399.2,399.46 1 1
git.xenonstack.com/util/continuous-security-backend/src/web/integrations.go:320.26,322.3 1 1
git.xenonstack.com/util/continuous-security-backend/src/web/integrations.go:325.39,329.17 3 1
git.xenonstack.com/util/continuous-security-backend/src/web/integrations.go:333.3,338.17 4 1
git.xenonstack.com/util/continuous-security-backend/src/web/integrations.go:343.3,343.55 1 1
git.xenonstack.com/util/continuous-security-backend/src/web/integrations.go:356.3,360.28 2 1
git.xenonstack.com/util/continuous-security-backend/src/web/integrations.go:329.17,331.12 2 0
git.xenonstack.com/util/continuous-security-backend/src/web/integrations.go:338.17,340.12 2 0
git.xenonstack.com/util/continuous-security-backend/src/web/integrations.go:343.55,344.59 1 0
git.xenonstack.com/util/continuous-security-backend/src/web/integrations.go:344.59,346.5 1 0
git.xenonstack.com/util/continuous-security-backend/src/web/integrations.go:346.10,346.62 1 0
git.xenonstack.com/util/continuous-security-backend/src/web/integrations.go:346.62,348.5 1 0
git.xenonstack.com/util/continuous-security-backend/src/web/integrations.go:348.10,348.64 1 0
git.xenonstack.com/util/continuous-security-backend/src/web/integrations.go:348.64,350.5 1 0
git.xenonstack.com/util/continuous-security-backend/src/web/integrations.go:350.10,350.61 1 0
git.xenonstack.com/util/continuous-security-backend/src/web/integrations.go:350.61,352.5 1 0
git.xenonstack.com/util/continuous-security-backend/src/web/integrations.go:352.10,354.5 1 0
git.xenonstack.com/util/continuous-security-backend/src/web/integrations.go:360.28,362.4 1 1
git.xenonstack.com/util/continuous-security-backend/src/web/integrations.go:362.9,364.4 1 1
git.xenonstack.com/util/continuous-security-backend/src/web/integrations.go:367.13,397.3 29 1
git.xenonstack.com/util/continuous-security-backend/src/web/notification.go:14.35,17.42 2 0
git.xenonstack.com/util/continuous-security-backend/src/web/notification.go:26.2,32.4 3 0
git.xenonstack.com/util/continuous-security-backend/src/web/notification.go:17.42,24.3 3 0
git.xenonstack.com/util/continuous-security-backend/src/web/notification.go:35.33,51.2 4 0
git.xenonstack.com/util/continuous-security-backend/src/web/notification.go:53.36,68.42 5 0
git.xenonstack.com/util/continuous-security-backend/src/web/notification.go:68.42,71.3 1 0
git.xenonstack.com/util/continuous-security-backend/src/web/projects.go:12.50,18.2 5 1
git.xenonstack.com/util/continuous-security-backend/src/web/result.go:16.62,21.21 4 0
git.xenonstack.com/util/continuous-security-backend/src/web/result.go:183.2,183.15 1 0
git.xenonstack.com/util/continuous-security-backend/src/web/result.go:21.21,44.35 13 0
git.xenonstack.com/util/continuous-security-backend/src/web/result.go:63.3,63.34 1 0
git.xenonstack.com/util/continuous-security-backend/src/web/result.go:81.3,81.37 1 0
git.xenonstack.com/util/continuous-security-backend/src/web/result.go:99.3,99.37 1 0
git.xenonstack.com/util/continuous-security-backend/src/web/result.go:119.3,128.37 9 0
git.xenonstack.com/util/continuous-security-backend/src/web/result.go:131.3,131.37 1 0
git.xenonstack.com/util/continuous-security-backend/src/web/result.go:134.3,134.33 1 0
git.xenonstack.com/util/continuous-security-backend/src/web/result.go:137.3,137.31 1 0
git.xenonstack.com/util/continuous-security-backend/src/web/result.go:142.3,142.119 1 0
git.xenonstack.com/util/continuous-security-backend/src/web/result.go:178.3,178.55 1 0
git.xenonstack.com/util/continuous-security-backend/src/web/result.go:44.35,46.60 2 0
git.xenonstack.com/util/continuous-security-backend/src/web/result.go:51.4,51.62 1 0
git.xenonstack.com/util/continuous-security-backend/src/web/result.go:56.4,56.59 1 0
git.xenonstack.com/util/continuous-security-backend/src/web/result.go:46.60,49.13 3 0
git.xenonstack.com/util/continuous-security-backend/src/web/result.go:51.62,54.13 3 0
git.xenonstack.com/util/continuous-security-backend/src/web/result.go:56.59,59.13 3 0
git.xenonstack.com/util/continuous-security-backend/src/web/result.go:63.34,65.59 2 0
git.xenonstack.com/util/continuous-security-backend/src/web/result.go:70.4,70.61 1 0
git.xenonstack.com/util/continuous-security-backend/src/web/result.go:75.4,75.58 1 0
git.xenonstack.com/util/continuous-security-backend/src/web/result.go:65.59,68.13 3 0
git.xenonstack.com/util/continuous-security-backend/src/web/result.go:70.61,73.13 3 0
git.xenonstack.com/util/continuous-security-backend/src/web/result.go:75.58,78.13 3 0
git.xenonstack.com/util/continuous-security-backend/src/web/result.go:81.37,83.62 2 0
git.xenonstack.com/util/continuous-security-backend/src/web/result.go:88.4,88.64 1 0
git.xenonstack.com/util/continuous-security-backend/src/web/result.go:93.4,93.61 1 0
git.xenonstack.com/util/continuous-security-backend/src/web/result.go:83.62,86.13 3 0
git.xenonstack.com/util/continuous-security-backend/src/web/result.go:88.64,91.13 3 0
git.xenonstack.com/util/continuous-security-backend/src/web/result.go:93.61,96.13 3 0
git.xenonstack.com/util/continuous-security-backend/src/web/result.go:99.37,102.62 2 0
git.xenonstack.com/util/continuous-security-backend/src/web/result.go:107.4,107.64 1 0
git.xenonstack.com/util/continuous-security-backend/src/web/result.go:112.4,112.61 1 0
git.xenonstack.com/util/continuous-security-backend/src/web/result.go:102.62,105.13 3 0
git.xenonstack.com/util/continuous-security-backend/src/web/result.go:107.64,110.13 3 0
git.xenonstack.com/util/continuous-security-backend/src/web/result.go:112.61,115.13 3 0
git.xenonstack.com/util/continuous-security-backend/src/web/result.go:128.37,130.4 1 0
git.xenonstack.com/util/continuous-security-backend/src/web/result.go:131.37,133.4 1 0
git.xenonstack.com/util/continuous-security-backend/src/web/result.go:134.33,136.4 1 0
git.xenonstack.com/util/continuous-security-backend/src/web/result.go:137.31,139.4 1 0
git.xenonstack.com/util/continuous-security-backend/src/web/result.go:142.119,160.4 1 0
git.xenonstack.com/util/continuous-security-backend/src/web/result.go:160.9,177.4 1 0
git.xenonstack.com/util/continuous-security-backend/src/web/result.go:178.55,181.4 2 0
git.xenonstack.com/util/continuous-security-backend/src/web/result.go:203.59,209.21 4 0
git.xenonstack.com/util/continuous-security-backend/src/web/result.go:279.2,279.15 1 0
git.xenonstack.com/util/continuous-security-backend/src/web/result.go:209.21,222.40 12 0
git.xenonstack.com/util/continuous-security-backend/src/web/result.go:263.3,274.14 2 0
git.xenonstack.com/util/continuous-security-backend/src/web/result.go:222.40,226.18 3 0
git.xenonstack.com/util/continuous-security-backend/src/web/result.go:230.4,235.18 4 0
git.xenonstack.com/util/continuous-security-backend/src/web/result.go:240.4,240.56 1 0
git.xenonstack.com/util/continuous-security-backend/src/web/result.go:253.4,257.29 2 0
git.xenonstack.com/util/continuous-security-backend/src/web/result.go:226.18,228.13 2 0
git.xenonstack.com/util/continuous-security-backend/src/web/result.go:235.18,237.13 2 0
git.xenonstack.com/util/continuous-security-backend/src/web/result.go:240.56,241.60 1 0
git.xenonstack.com/util/continuous-security-backend/src/web/result.go:241.60,243.6 1 0
git.xenonstack.com/util/continuous-security-backend/src/web/result.go:243.11,243.63 1 0
git.xenonstack.com/util/continuous-security-backend/src/web/result.go:243.63,245.6 1 0
git.xenonstack.com/util/continuous-security-backend/src/web/result.go:245.11,245.65 1 0
git.xenonstack.com/util/continuous-security-backend/src/web/result.go:245.65,247.6 1 0
git.xenonstack.com/util/continuous-security-backend/src/web/result.go:247.11,247.62 1 0
git.xenonstack.com/util/continuous-security-backend/src/web/result.go:247.62,249.6 1 0
git.xenonstack.com/util/continuous-security-backend/src/web/result.go:249.11,251.6 1 0
git.xenonstack.com/util/continuous-security-backend/src/web/result.go:257.29,259.5 1 0
git.xenonstack.com/util/continuous-security-backend/src/web/result.go:259.10,261.5 1 0
git.xenonstack.com/util/continuous-security-backend/src/web/result.go:274.14,277.4 2 0
git.xenonstack.com/util/continuous-security-backend/src/web/result.go:284.32,289.31 5 0
git.xenonstack.com/util/continuous-security-backend/src/web/result.go:296.2,300.4 1 0
git.xenonstack.com/util/continuous-security-backend/src/web/result.go:289.31,295.3 2 0
git.xenonstack.com/util/continuous-security-backend/src/web/scan.go:26.69,32.16 3 0
git.xenonstack.com/util/continuous-security-backend/src/web/scan.go:37.2,39.16 3 0
git.xenonstack.com/util/continuous-security-backend/src/web/scan.go:45.2,47.31 3 0
git.xenonstack.com/util/continuous-security-backend/src/web/scan.go:57.2,57.13 1 0
git.xenonstack.com/util/continuous-security-backend/src/web/scan.go:64.2,64.26 1 0
git.xenonstack.com/util/continuous-security-backend/src/web/scan.go:68.2,87.15 16 0
git.xenonstack.com/util/continuous-security-backend/src/web/scan.go:92.2,94.16 3 0
git.xenonstack.com/util/continuous-security-backend/src/web/scan.go:99.2,100.16 2 0
git.xenonstack.com/util/continuous-security-backend/src/web/scan.go:165.2,169.18 5 0
git.xenonstack.com/util/continuous-security-backend/src/web/scan.go:32.16,34.3 1 0
git.xenonstack.com/util/continuous-security-backend/src/web/scan.go:39.16,43.3 3 0
git.xenonstack.com/util/continuous-security-backend/src/web/scan.go:47.31,49.17 2 0
git.xenonstack.com/util/continuous-security-backend/src/web/scan.go:52.3,52.14 1 0
git.xenonstack.com/util/continuous-security-backend/src/web/scan.go:49.17,50.12 1 0
git.xenonstack.com/util/continuous-security-backend/src/web/scan.go:52.14,54.4 1 0
git.xenonstack.com/util/continuous-security-backend/src/web/scan.go:57.13,61.3 3 0
git.xenonstack.com/util/continuous-security-backend/src/web/scan.go:64.26,66.3 1 0
git.xenonstack.com/util/continuous-security-backend/src/web/scan.go:87.15,89.3 1 0
git.xenonstack.com/util/continuous-security-backend/src/web/scan.go:94.16,96.3 1 0
git.xenonstack.com/util/continuous-security-backend/src/web/scan.go:100.16,105.3 3 0
git.xenonstack.com/util/continuous-security-backend/src/web/scan.go:108.2,110.23 2 0
git.xenonstack.com/util/continuous-security-backend/src/web/scan.go:149.3,161.90 10 0
git.xenonstack.com/util/continuous-security-backend/src/web/scan.go:110.23,129.4 16 0
git.xenonstack.com/util/continuous-security-backend/src/web/scan.go:129.9,148.4 16 0
git.xenonstack.com/util/continuous-security-backend/src/web/scan.go:174.88,179.23 4 0
git.xenonstack.com/util/continuous-security-backend/src/web/scan.go:183.2,193.18 4 0
git.xenonstack.com/util/continuous-security-backend/src/web/scan.go:217.2,219.18 2 0
git.xenonstack.com/util/continuous-security-backend/src/web/scan.go:179.23,181.3 1 0
git.xenonstack.com/util/continuous-security-backend/src/web/scan.go:194.20,197.21 3 0
git.xenonstack.com/util/continuous-security-backend/src/web/scan.go:198.16,201.23 3 0
git.xenonstack.com/util/continuous-security-backend/src/web/scan.go:202.14,205.21 3 0
git.xenonstack.com/util/continuous-security-backend/src/web/scan.go:206.16,209.23 3 0
git.xenonstack.com/util/continuous-security-backend/src/web/scan.go:210.14,213.21 3 0
git.xenonstack.com/util/continuous-security-backend/src/web/scan.go:223.26,227.2 3 0
git.xenonstack.com/util/continuous-security-backend/src/web/workspaces.go:14.61,23.16 5 1
git.xenonstack.com/util/continuous-security-backend/src/web/workspaces.go:27.2,30.16 3 1
git.xenonstack.com/util/continuous-security-backend/src/web/workspaces.go:34.2,37.16 3 1
git.xenonstack.com/util/continuous-security-backend/src/web/workspaces.go:42.2,44.16 3 1
git.xenonstack.com/util/continuous-security-backend/src/web/workspaces.go:48.2,49.9 2 1
git.xenonstack.com/util/continuous-security-backend/src/web/workspaces.go:54.2,54.12 1 1
git.xenonstack.com/util/continuous-security-backend/src/web/workspaces.go:23.16,26.3 2 0
git.xenonstack.com/util/continuous-security-backend/src/web/workspaces.go:30.16,33.3 2 0
git.xenonstack.com/util/continuous-security-backend/src/web/workspaces.go:37.16,40.3 2 0
git.xenonstack.com/util/continuous-security-backend/src/web/workspaces.go:44.16,47.3 2 0
git.xenonstack.com/util/continuous-security-backend/src/web/workspaces.go:49.9,52.3 2 1
